<?xml version="1.0" encoding="UTF-8"?>
<testng-results total="1" passed="1" failed="0" skipped="0">
  <reporter-output>
  </reporter-output>
  <suite started-at="2022-12-01T04:58:05Z" name="test.com.ResizeTest" finished-at="2022-12-01T04:58:31Z" duration-ms="26633">
    <groups>
    </groups>
    <test started-at="2022-12-01T04:58:05Z" name="Command line test" finished-at="2022-12-01T04:58:31Z" duration-ms="26633">
      <class name="test.com.ResizeTest">
        <test-method is-config="true" signature="setUpClass()[pri:0, instance:test.com.ResizeTest@481a15ff]" started-at="2022-11-30T20:58:05Z" name="setUpClass" finished-at="2022-11-30T20:58:05Z" duration-ms="11" status="PASS">
          <reporter-output>
          </reporter-output>
        </test-method> <!-- setUpClass -->
        <test-method is-config="true" signature="setUpMethod()[pri:0, instance:test.com.ResizeTest@481a15ff]" started-at="2022-11-30T20:58:05Z" name="setUpMethod" finished-at="2022-11-30T20:58:08Z" duration-ms="3550" status="PASS">
          <reporter-output>
          </reporter-output>
        </test-method> <!-- setUpMethod -->
        <test-method signature="testResizePage()[pri:0, instance:test.com.ResizeTest@481a15ff]" started-at="2022-11-30T20:58:08Z" name="testResizePage" finished-at="2022-11-30T20:58:31Z" duration-ms="22521" status="PASS">
          <reporter-output>
          </reporter-output>
        </test-method> <!-- testResizePage -->
        <test-method is-config="true" signature="tearDownMethod()[pri:0, instance:test.com.ResizeTest@481a15ff]" started-at="2022-11-30T20:58:31Z" name="tearDownMethod" finished-at="2022-11-30T20:58:31Z" duration-ms="539" status="PASS">
          <reporter-output>
          </reporter-output>
        </test-method> <!-- tearDownMethod -->
        <test-method is-config="true" signature="tearDownClass()[pri:0, instance:test.com.ResizeTest@481a15ff]" started-at="2022-11-30T20:58:31Z" name="tearDownClass" finished-at="2022-11-30T20:58:31Z" duration-ms="0" status="PASS">
          <reporter-output>
          </reporter-output>
        </test-method> <!-- tearDownClass -->
      </class> <!-- test.com.ResizeTest -->
    </test> <!-- Command line test -->
  </suite> <!-- test.com.ResizeTest -->
</testng-results>
